<?xml version="1.0" encoding="UTF-8"?>
<!-- Generated by org.testng.reporters.JUnitXMLReporter -->
<testsuite ignored="0" hostname="Ishand3895" failures="0" tests="3" name="Command line test 654914a8-32b4-4ffe-85cc-f297d9b0debd" time="111.825" errors="0" timestamp="2021-01-24T12:02:36 IST">
  <testcase classname="org.testing.TestScripts.TC1" name="xyz" time="40.926"/>
  <testcase classname="org.testing.TestScripts.TC3" name="xyz" time="26.431"/>
  <testcase classname="org.testing.TestScripts.TC6" name="xyz" time="23.085"/>
</testsuite> <!-- Command line test 654914a8-32b4-4ffe-85cc-f297d9b0debd -->
