<?xml version="1.0" encoding="UTF-8"?>
<!-- Generated by org.testng.reporters.JUnitXMLReporter -->
<testsuite ignored="0" hostname="Ishand3895" failures="0" tests="3" name="Test" time="45.884" errors="0" timestamp="2021-02-06T15:55:27 IST">
  <testcase classname="org.testing.TestScripts.TC1" name="xyz" time="7.932"/>
  <testcase classname="org.testing.TestScripts.TC1" name="xyz" time="7.989"/>
  <testcase classname="org.testing.TestScripts.TC1" name="xyz" time="6.904"/>
</testsuite> <!-- Test -->
