<?xml version="1.0" encoding="UTF-8"?>
<testng-results ignored="0" total="3" passed="3" failed="0" skipped="0">
  <reporter-output>
  </reporter-output>
  <suite started-at="2021-02-06T15:54:41 IST" name="Suite" finished-at="2021-02-06T15:55:27 IST" duration-ms="45884">
    <groups>
    </groups>
    <test started-at="2021-02-06T15:54:41 IST" name="Test" finished-at="2021-02-06T15:55:27 IST" duration-ms="45884">
      <class name="org.testing.TestScripts.TC1">
        <test-method is-config="true" signature="abc()[pri:0, instance:org.testing.TestScripts.TC1@2d1ef81a]" started-at="2021-02-06T15:54:41 IST" name="abc" finished-at="2021-02-06T15:54:49 IST" duration-ms="8636" status="PASS">
          <reporter-output>
          </reporter-output>
        </test-method> <!-- abc -->
        <test-method signature="xyz(java.lang.String, java.lang.String)[pri:0, instance:org.testing.TestScripts.TC1@2d1ef81a]" started-at="2021-02-06T15:54:49 IST" name="xyz" data-provider="dp1" finished-at="2021-02-06T15:54:57 IST" duration-ms="7932" status="PASS">
          <params>
            <param index="0">
              <value>
                <![CDATA[1200]]>
              </value>
            </param>
            <param index="1">
              <value>
                <![CDATA[1200]]>
              </value>
            </param>
          </params>
          <reporter-output>
          </reporter-output>
        </test-method> <!-- xyz -->
        <test-method is-config="true" signature="xyx()[pri:0, instance:org.testing.TestScripts.TC1@2d1ef81a]" started-at="2021-02-06T15:54:57 IST" name="xyx" finished-at="2021-02-06T15:54:57 IST" duration-ms="52" status="PASS">
          <reporter-output>
          </reporter-output>
        </test-method> <!-- xyx -->
        <test-method is-config="true" signature="abc()[pri:0, instance:org.testing.TestScripts.TC1@2d1ef81a]" started-at="2021-02-06T15:54:57 IST" name="abc" finished-at="2021-02-06T15:55:04 IST" duration-ms="7168" status="PASS">
          <reporter-output>
          </reporter-output>
        </test-method> <!-- abc -->
        <test-method signature="xyz(java.lang.String, java.lang.String)[pri:0, instance:org.testing.TestScripts.TC1@2d1ef81a]" started-at="2021-02-06T15:55:04 IST" name="xyz" data-provider="dp1" finished-at="2021-02-06T15:55:12 IST" duration-ms="7989" status="PASS">
          <params>
            <param index="0">
              <value>
                <![CDATA[1200]]>
              </value>
            </param>
            <param index="1">
              <value>
                <![CDATA[1200]]>
              </value>
            </param>
          </params>
          <reporter-output>
          </reporter-output>
        </test-method> <!-- xyz -->
        <test-method is-config="true" signature="xyx()[pri:0, instance:org.testing.TestScripts.TC1@2d1ef81a]" started-at="2021-02-06T15:55:12 IST" name="xyx" finished-at="2021-02-06T15:55:12 IST" duration-ms="45" status="PASS">
          <reporter-output>
          </reporter-output>
        </test-method> <!-- xyx -->
        <test-method is-config="true" signature="abc()[pri:0, instance:org.testing.TestScripts.TC1@2d1ef81a]" started-at="2021-02-06T15:55:12 IST" name="abc" finished-at="2021-02-06T15:55:20 IST" duration-ms="7076" status="PASS">
          <reporter-output>
          </reporter-output>
        </test-method> <!-- abc -->
        <test-method signature="xyz(java.lang.String, java.lang.String)[pri:0, instance:org.testing.TestScripts.TC1@2d1ef81a]" started-at="2021-02-06T15:55:20 IST" name="xyz" data-provider="dp1" finished-at="2021-02-06T15:55:26 IST" duration-ms="6904" status="PASS">
          <params>
            <param index="0">
              <value>
                <![CDATA[1200]]>
              </value>
            </param>
            <param index="1">
              <value>
                <![CDATA[1200]]>
              </value>
            </param>
          </params>
          <reporter-output>
          </reporter-output>
        </test-method> <!-- xyz -->
        <test-method is-config="true" signature="xyx()[pri:0, instance:org.testing.TestScripts.TC1@2d1ef81a]" started-at="2021-02-06T15:55:26 IST" name="xyx" finished-at="2021-02-06T15:55:27 IST" duration-ms="46" status="PASS">
          <reporter-output>
          </reporter-output>
        </test-method> <!-- xyx -->
      </class> <!-- org.testing.TestScripts.TC1 -->
    </test> <!-- Test -->
  </suite> <!-- Suite -->
</testng-results>
