<?xml version="1.0" encoding="UTF-8"?>
<!-- Generated by org.testng.reporters.JUnitXMLReporter -->
<testsuite ignored="0" hostname="Ishand3895" failures="0" tests="3" name="Default test" time="44.97" errors="0" timestamp="2021-02-06T12:16:41 IST">
  <testcase classname="org.testing.TestScripts.TC1" name="xyz" time="7.461"/>
  <testcase classname="org.testing.TestScripts.TC1" name="xyz" time="7.37"/>
  <testcase classname="org.testing.TestScripts.TC1" name="xyz" time="7.369"/>
</testsuite> <!-- Default test -->
