<?xml version="1.0" encoding="UTF-8"?>
<!-- Generated by org.testng.reporters.JUnitXMLReporter -->
<testsuite ignored="0" hostname="Ishand3895" failures="0" tests="5" name="Test" time="82.277" errors="0" timestamp="2021-02-06T12:14:47 IST">
  <testcase classname="org.testing.TestScripts.TC2" name="xyz" time="11.452"/>
  <testcase classname="org.testing.TestScripts.TC2" name="xyz" time="11.491"/>
  <testcase classname="org.testing.TestScripts.TC1" name="xyz" time="7.428"/>
  <testcase classname="org.testing.TestScripts.TC1" name="xyz" time="7.306"/>
  <testcase classname="org.testing.TestScripts.TC1" name="xyz" time="7.225"/>
</testsuite> <!-- Test -->
